<?xml version="1.0" encoding="UTF-8"?>
<!-- Generated by org.testng.reporters.JUnitReportReporter -->
<testsuite hostname="VTIPL-H-PC249-L" failures="0" tests="3" name="com.automation.sample.TestNGClass" time="0.008" errors="0" timestamp="2022-07-21T22:39:08 IST" skipped="0">
  <testcase classname="com.automation.sample.TestNGClass" name="shouldAnswerWithTrue" time="0.007"/>
  <testcase classname="com.automation.sample.TestNGClass" name="shouldAnswerWithTrue1" time="0.001"/>
  <testcase classname="com.automation.sample.TestNGClass" name="shouldAnswerWithTrue2" time="0.000"/>
</testsuite> <!-- com.automation.sample.TestNGClass -->
