<?xml version="1.0" encoding="UTF-8"?>
<!-- Generated by org.testng.reporters.JUnitReportReporter -->
<testsuite hostname="VTIPL-H-PC249-L" failures="0" tests="2" name="com.automation.sample.AppTest" time="0.009" errors="0" timestamp="2022-07-21T22:39:08 IST" skipped="0">
  <testcase classname="com.automation.sample.AppTest" name="shouldAnswerWithTrue" time="0.004"/>
  <testcase classname="com.automation.sample.AppTest" name="shouldAnswerWithFalse" time="0.005"/>
</testsuite> <!-- com.automation.sample.AppTest -->
