<?xml version="1.0" encoding="UTF-8"?>
<!-- Generated by org.testng.reporters.JUnitReportReporter -->
<testsuite hostname="VTIPL-H-PC249-L" failures="0" tests="2" name="com.automation.sample.AppTest" time="0.049" errors="0" timestamp="2022-10-06T12:34:29 IST" skipped="0">
  <testcase classname="com.automation.sample.AppTest" name="shouldAnswerWithTrue" time="0.024"/>
  <testcase classname="com.automation.sample.AppTest" name="shouldAnswerWithFalse" time="0.025"/>
</testsuite> <!-- com.automation.sample.AppTest -->
